<?xml version="1.0" encoding="UTF-8"?>
<!-- Generated by org.testng.reporters.JUnitXMLReporter -->
<testsuite ignored="1" hostname="DESKTOP-35QI2EL" failures="0" tests="3" name="Test" time="63.507" errors="0" timestamp="2025-08-30T17:52:01 IST">
  <testcase classname="com.gtm.PractiseSeleniumFramework.PlaceOrderTest" name="verifyPlaceOrder" time="6.198"/>
  <testcase classname="com.gtm.PractiseSeleniumFramework.SauceLabsLoginTest" name="verifyLoginValidCredentials" time="4.544"/>
  <testcase classname="com.gtm.PractiseSeleniumFramework.SauceLabsLoginTest" name="verifyLoginWithInValidCredentials" time="1.443"/>
  <testcase classname="com.gtm.PractiseSeleniumFramework.TestSetup" name="@BeforeSuite testSetup" time="0.0">
    <ignored/>
  </testcase> <!-- @BeforeSuite testSetup -->
</testsuite> <!-- Test -->
