<?xml version="1.0" encoding="UTF-8"?>
<!-- Generated by org.testng.reporters.JUnitXMLReporter -->
<testsuite ignored="1" hostname="DESKTOP-35QI2EL" failures="0" tests="3" name="Test" time="12.332" errors="0" timestamp="2025-08-30T15:03:27 IST">
  <testcase classname="com.gtm.PractiseSeleniumFramework.SauceLabsLoginTest" name="verifyLoginValidCredentials" time="1.003"/>
  <testcase classname="com.gtm.PractiseSeleniumFramework.PlaceOrderTest" name="verifyPlaceOrder" time="1.747"/>
  <testcase classname="com.gtm.PractiseSeleniumFramework.SauceLabsLoginTest" name="verifyLoginWithInValidCredentials" time="0.36"/>
  <testcase classname="com.gtm.PractiseSeleniumFramework.TestSetup" name="@BeforeSuite testSetup" time="0.0">
    <ignored/>
  </testcase> <!-- @BeforeSuite testSetup -->
</testsuite> <!-- Test -->
